<?xml version="1.0" encoding="utf-8" standalone="no"?>
<test-results xmlns:xsi="http://www.w3.org/2001/XMLSchema-instance" xsi:noNamespaceSchemaLocation="nunit_schema_2.5.xsd" name="Pester" total="44" errors="0" failures="0" not-run="0" inconclusive="0" ignored="0" skipped="0" invalid="0" date="2026-06-19" time="20:59:03">
  <environment clr-version="10.0.8" platform="Microsoft Windows 11 Pro|C:\WINDOWS|\Device\Harddisk2\Partition4" cwd="F:\repos\Engineering-Standards" nunit-version="2.5.8.0" user-domain="HOMESWEETHOME" user="MZucc" os-version="10.0.26200" machine-name="HOMESWEETHOME" />
  <culture-info current-culture="en-US" current-uiculture="en-US" />
  <test-suite type="TestFixture" name="Pester" executed="True" result="Success" success="True" time="58.8235" asserts="0" description="Pester">
    <results>
      <test-suite type="TestFixture" name="F:\repos\Engineering-Standards\tests\actions\ForbiddenPatternScan.Tests.ps1" executed="True" result="Success" success="True" time="6.7541" asserts="0" description="F:\repos\Engineering-Standards\tests\actions\ForbiddenPatternScan.Tests.ps1">
        <results>
          <test-suite type="TestFixture" name="Forbidden pattern scan" executed="True" result="Success" success="True" time="5.7374" asserts="0" description="Forbidden pattern scan">
            <results>
              <test-suite type="TestFixture" name="Forbidden pattern scan.advisory mode" executed="True" result="Success" success="True" time="1.9882" asserts="0" description="Forbidden pattern scan.advisory mode">
                <results>
                  <test-case description="runs without failing the repository in advisory mode" name="Forbidden pattern scan.advisory mode.runs without failing the repository in advisory mode" time="1.9179" asserts="0" success="True" result="Success" executed="True" />
                </results>
              </test-suite>
              <test-suite type="TestFixture" name="Forbidden pattern scan.blocking findings" executed="True" result="Success" success="True" time="5.6773" asserts="0" description="Forbidden pattern scan.blocking findings">
                <results>
                  <test-case description="fails on an embedded credential assignment" name="Forbidden pattern scan.blocking findings.fails on an embedded credential assignment" time="1.4528" asserts="0" success="True" result="Success" executed="True" />
                  <test-case description="honors an unexpired allowlist entry" name="Forbidden pattern scan.blocking findings.honors an unexpired allowlist entry" time="1.0965" asserts="0" success="True" result="Success" executed="True" />
                  <test-case description="does not honor expired allowlist entries" name="Forbidden pattern scan.blocking findings.does not honor expired allowlist entries" time="1.119" asserts="0" success="True" result="Success" executed="True" />
                </results>
              </test-suite>
            </results>
          </test-suite>
        </results>
      </test-suite>
      <test-suite type="TestFixture" name="F:\repos\Engineering-Standards\tests\actions\RepositoryHealth.Tests.ps1" executed="True" result="Success" success="True" time="5.5869" asserts="0" description="F:\repos\Engineering-Standards\tests\actions\RepositoryHealth.Tests.ps1">
        <results>
          <test-suite type="TestFixture" name="Repository health" executed="True" result="Success" success="True" time="5.4461" asserts="0" description="Repository health">
            <results>
              <test-suite type="TestFixture" name="Repository health.rebuilt repository" executed="True" result="Success" success="True" time="4.235" asserts="0" description="Repository health.rebuilt repository">
                <results>
                  <test-case description="passes repository health validation" name="Repository health.rebuilt repository.passes repository health validation" time="4.2176" asserts="0" success="True" result="Success" executed="True" />
                </results>
              </test-suite>
              <test-suite type="TestFixture" name="Repository health.invalid repository" executed="True" result="Success" success="True" time="5.4352" asserts="0" description="Repository health.invalid repository">
                <results>
                  <test-case description="fails when required governance files are absent" name="Repository health.invalid repository.fails when required governance files are absent" time="1.1633" asserts="0" success="True" result="Success" executed="True" />
                </results>
              </test-suite>
            </results>
          </test-suite>
        </results>
      </test-suite>
      <test-suite type="TestFixture" name="F:\repos\Engineering-Standards\tests\actions\ValidateContract.Tests.ps1" executed="True" result="Success" success="True" time="5.4842" asserts="0" description="F:\repos\Engineering-Standards\tests\actions\ValidateContract.Tests.ps1">
        <results>
          <test-suite type="TestFixture" name="Validate contract action" executed="True" result="Success" success="True" time="5.3584" asserts="0" description="Validate contract action">
            <results>
              <test-suite type="TestFixture" name="Validate contract action.path safety" executed="True" result="Success" success="True" time="1.0863" asserts="0" description="Validate contract action.path safety">
                <results>
                  <test-case description="rejects traversal" name="Validate contract action.path safety.rejects traversal" time="1.0769" asserts="0" success="True" result="Success" executed="True" />
                </results>
              </test-suite>
              <test-suite type="TestFixture" name="Validate contract action.valid repository" executed="True" result="Success" success="True" time="4.0829" asserts="0" description="Validate contract action.valid repository">
                <results>
                  <test-case description="passes contract validation" name="Validate contract action.valid repository.passes contract validation" time="2.9883" asserts="0" success="True" result="Success" executed="True" />
                </results>
              </test-suite>
              <test-suite type="TestFixture" name="Validate contract action.invalid downstream repository" executed="True" result="Success" success="True" time="5.324" asserts="0" description="Validate contract action.invalid downstream repository">
                <results>
                  <test-case description="fails when required documentation is missing" name="Validate contract action.invalid downstream repository.fails when required documentation is missing" time="1.2302" asserts="0" success="True" result="Success" executed="True" />
                </results>
              </test-suite>
            </results>
          </test-suite>
        </results>
      </test-suite>
      <test-suite type="TestFixture" name="F:\repos\Engineering-Standards\tests\actions\ValidateEvidence.Tests.ps1" executed="True" result="Success" success="True" time="15.071" asserts="0" description="F:\repos\Engineering-Standards\tests\actions\ValidateEvidence.Tests.ps1">
        <results>
          <test-suite type="TestFixture" name="Validate evidence action" executed="True" result="Success" success="True" time="14.9032" asserts="0" description="Validate evidence action">
            <results>
              <test-suite type="TestFixture" name="Validate evidence action.contradictory status" executed="True" result="Success" success="True" time="1.165" asserts="0" description="Validate evidence action.contradictory status">
                <results>
                  <test-case description="rejects Passed evidence with NotRun tests" name="Validate evidence action.contradictory status.rejects Passed evidence with NotRun tests" time="1.153" asserts="0" success="True" result="Success" executed="True" />
                </results>
              </test-suite>
              <test-suite type="TestFixture" name="Validate evidence action.artifact integrity" executed="True" result="Success" success="True" time="12.2496" asserts="0" description="Validate evidence action.artifact integrity">
                <results>
                  <test-case description="accepts a valid artifact hash and size" name="Validate evidence action.artifact integrity.accepts a valid artifact hash and size" time="1.2252" asserts="0" success="True" result="Success" executed="True" />
                  <test-case description="rejects an artifact hash mismatch" name="Validate evidence action.artifact integrity.rejects an artifact hash mismatch" time="1.1283" asserts="0" success="True" result="Success" executed="True" />
                  <test-case description="rejects a missing artifact" name="Validate evidence action.artifact integrity.rejects a missing artifact" time="1.0764" asserts="0" success="True" result="Success" executed="True" />
                  <test-case description="rejects incorrect artifact size" name="Validate evidence action.artifact integrity.rejects incorrect artifact size" time="1.5472" asserts="0" success="True" result="Success" executed="True" />
                  <test-case description="rejects duplicate artifact records" name="Validate evidence action.artifact integrity.rejects duplicate artifact records" time="1.3639" asserts="0" success="True" result="Success" executed="True" />
                  <test-suite type="ParameterizedTest" name="Validate evidence action.artifact integrity.rejects absolute and traversal artifact paths" executed="True" result="Success" success="True" time="4.7353" asserts="0" description="rejects absolute and traversal artifact paths">
                    <results>
                      <test-case description="rejects absolute and traversal artifact paths" name="Validate evidence action.artifact integrity.rejects absolute and traversal artifact paths(&quot;C:\temp\report.json&quot;)" time="1.2095" asserts="0" success="True" result="Success" executed="True" />
                      <test-case description="rejects absolute and traversal artifact paths" name="Validate evidence action.artifact integrity.rejects absolute and traversal artifact paths(&quot;\\server\share\report.json&quot;)" time="1.08" asserts="0" success="True" result="Success" executed="True" />
                      <test-case description="rejects absolute and traversal artifact paths" name="Validate evidence action.artifact integrity.rejects absolute and traversal artifact paths(&quot;/tmp/report.json&quot;)" time="1.1895" asserts="0" success="True" result="Success" executed="True" />
                      <test-case description="rejects absolute and traversal artifact paths" name="Validate evidence action.artifact integrity.rejects absolute and traversal artifact paths(&quot;../report.json&quot;)" time="1.2563" asserts="0" success="True" result="Success" executed="True" />
                    </results>
                  </test-suite>
                </results>
              </test-suite>
              <test-suite type="TestFixture" name="Validate evidence action.completion evidence generation" executed="True" result="Success" success="True" time="14.8676" asserts="0" description="Validate evidence action.completion evidence generation">
                <results>
                  <test-case description="computes Failed when a mandatory test failed" name="Validate evidence action.completion evidence generation.computes Failed when a mandatory test failed" time="1.4861" asserts="0" success="True" result="Success" executed="True" />
                  <test-case description="rejects a contradictory caller-supplied status" name="Validate evidence action.completion evidence generation.rejects a contradictory caller-supplied status" time="1.1218" asserts="0" success="True" result="Success" executed="True" />
                </results>
              </test-suite>
            </results>
          </test-suite>
        </results>
      </test-suite>
      <test-suite type="TestFixture" name="F:\repos\Engineering-Standards\tests\schemas\JsonSchemas.Tests.ps1" executed="True" result="Success" success="True" time="1.2443" asserts="0" description="F:\repos\Engineering-Standards\tests\schemas\JsonSchemas.Tests.ps1">
        <results>
          <test-suite type="TestFixture" name="JSON schema validation" executed="True" result="Success" success="True" time="1.1436" asserts="0" description="JSON schema validation">
            <results>
              <test-suite type="TestFixture" name="JSON schema validation.fixtures" executed="True" result="Success" success="True" time="1.1364" asserts="0" description="JSON schema validation.fixtures">
                <results>
                  <test-case description="accepts valid fixtures and rejects invalid fixtures" name="JSON schema validation.fixtures.accepts valid fixtures and rejects invalid fixtures" time="1.1279" asserts="0" success="True" result="Success" executed="True" />
                </results>
              </test-suite>
            </results>
          </test-suite>
        </results>
      </test-suite>
      <test-suite type="TestFixture" name="F:\repos\Engineering-Standards\tests\scripts\DocumentationCompleteness.Tests.ps1" executed="True" result="Success" success="True" time="4.0901" asserts="0" description="F:\repos\Engineering-Standards\tests\scripts\DocumentationCompleteness.Tests.ps1">
        <results>
          <test-suite type="TestFixture" name="Documentation completeness" executed="True" result="Success" success="True" time="3.9798" asserts="0" description="Documentation completeness">
            <results>
              <test-suite type="TestFixture" name="Documentation completeness.repository documents" executed="True" result="Success" success="True" time="1.7867" asserts="0" description="Documentation completeness.repository documents">
                <results>
                  <test-case description="passes for the rebuilt repository" name="Documentation completeness.repository documents.passes for the rebuilt repository" time="1.7768" asserts="0" success="True" result="Success" executed="True" />
                </results>
              </test-suite>
              <test-suite type="TestFixture" name="Documentation completeness.invalid documentation" executed="True" result="Success" success="True" time="3.973" asserts="0" description="Documentation completeness.invalid documentation">
                <results>
                  <test-case description="fails shallow authoritative documents" name="Documentation completeness.invalid documentation.fails shallow authoritative documents" time="1.8214" asserts="0" success="True" result="Success" executed="True" />
                </results>
              </test-suite>
            </results>
          </test-suite>
        </results>
      </test-suite>
      <test-suite type="TestFixture" name="F:\repos\Engineering-Standards\tests\scripts\GitHubWorkflowArchitecture.Tests.ps1" executed="True" result="Success" success="True" time="18.7741" asserts="0" description="F:\repos\Engineering-Standards\tests\scripts\GitHubWorkflowArchitecture.Tests.ps1">
        <results>
          <test-suite type="TestFixture" name="GitHub workflow architecture validation" executed="True" result="Success" success="True" time="18.5238" asserts="0" description="GitHub workflow architecture validation">
            <results>
              <test-case description="passes a valid one-way workflow call with a pinned action" name="GitHub workflow architecture validation.passes a valid one-way workflow call with a pinned action" time="1.6329" asserts="0" success="True" result="Success" executed="True" />
              <test-case description="fails direct self-reference" name="GitHub workflow architecture validation.fails direct self-reference" time="1.5848" asserts="0" success="True" result="Success" executed="True" />
              <test-case description="fails two-file recursion" name="GitHub workflow architecture validation.fails two-file recursion" time="1.4528" asserts="0" success="True" result="Success" executed="True" />
              <test-case description="fails missing reusable workflow target" name="GitHub workflow architecture validation.fails missing reusable workflow target" time="1.2673" asserts="0" success="True" result="Success" executed="True" />
              <test-case description="fails a reusable workflow target missing workflow_call" name="GitHub workflow architecture validation.fails a reusable workflow target missing workflow_call" time="1.5939" asserts="0" success="True" result="Success" executed="True" />
              <test-case description="fails unsupported inputs passed to reusable workflow" name="GitHub workflow architecture validation.fails unsupported inputs passed to reusable workflow" time="1.5621" asserts="0" success="True" result="Success" executed="True" />
              <test-case description="fails unpinned third-party action references" name="GitHub workflow architecture validation.fails unpinned third-party action references" time="1.5192" asserts="0" success="True" result="Success" executed="True" />
              <test-case description="fails broad permissions" name="GitHub workflow architecture validation.fails broad permissions" time="1.3006" asserts="0" success="True" result="Success" executed="True" />
              <test-case description="fails default branch trigger mismatch" name="GitHub workflow architecture validation.fails default branch trigger mismatch" time="1.54" asserts="0" success="True" result="Success" executed="True" />
              <test-case description="fails invalid local reusable workflow locations" name="GitHub workflow architecture validation.fails invalid local reusable workflow locations" time="1.6079" asserts="0" success="True" result="Success" executed="True" />
              <test-case description="treats valid root distribution templates as informational" name="GitHub workflow architecture validation.treats valid root distribution templates as informational" time="1.7585" asserts="0" success="True" result="Success" executed="True" />
              <test-case description="fails a mislabeled root distribution template" name="GitHub workflow architecture validation.fails a mislabeled root distribution template" time="1.6932" asserts="0" success="True" result="Success" executed="True" />
            </results>
          </test-suite>
          <test-suite type="TestFixture" name="Composite action output wiring" executed="True" result="Success" success="True" time="18.5767" asserts="0" description="Composite action output wiring">
            <results>
              <test-case description="passes validate-evidence inputs and writes declared outputs safely" name="Composite action output wiring.passes validate-evidence inputs and writes declared outputs safely" time="0.0155" asserts="0" success="True" result="Success" executed="True" />
              <test-case description="writes declared outputs in all composite action definitions" name="Composite action output wiring.writes declared outputs in all composite action definitions" time="0.0178" asserts="0" success="True" result="Success" executed="True" />
            </results>
          </test-suite>
        </results>
      </test-suite>
      <test-suite type="TestFixture" name="F:\repos\Engineering-Standards\tests\scripts\GovernanceValidationModule.Tests.ps1" executed="True" result="Success" success="True" time="0.4195" asserts="0" description="F:\repos\Engineering-Standards\tests\scripts\GovernanceValidationModule.Tests.ps1">
        <results>
          <test-suite type="TestFixture" name="GovernanceValidation module" executed="True" result="Success" success="True" time="0.2647" asserts="0" description="GovernanceValidation module">
            <results>
              <test-suite type="TestFixture" name="GovernanceValidation module.safe path resolution" executed="True" result="Success" success="True" time="0.0991" asserts="0" description="GovernanceValidation module.safe path resolution">
                <results>
                  <test-case description="resolves a child path inside the root" name="GovernanceValidation module.safe path resolution.resolves a child path inside the root" time="0.0311" asserts="0" success="True" result="Success" executed="True" />
                  <test-case description="rejects traversal outside the root" name="GovernanceValidation module.safe path resolution.rejects traversal outside the root" time="0.0585" asserts="0" success="True" result="Success" executed="True" />
                </results>
              </test-suite>
              <test-suite type="TestFixture" name="GovernanceValidation module.test evidence semantics" executed="True" result="Success" success="True" time="0.1873" asserts="0" description="GovernanceValidation module.test evidence semantics">
                <results>
                  <test-case description="rejects NotRun evidence with an exit code" name="GovernanceValidation module.test evidence semantics.rejects NotRun evidence with an exit code" time="0.0719" asserts="0" success="True" result="Success" executed="True" />
                  <test-case description="accepts valid Passed test evidence" name="GovernanceValidation module.test evidence semantics.accepts valid Passed test evidence" time="0.0084" asserts="0" success="True" result="Success" executed="True" />
                </results>
              </test-suite>
              <test-suite type="TestFixture" name="GovernanceValidation module.manifest semantics" executed="True" result="Success" success="True" time="0.2531" asserts="0" description="GovernanceValidation module.manifest semantics">
                <results>
                  <test-case description="requires production approval for High risk manifests" name="GovernanceValidation module.manifest semantics.requires production approval for High risk manifests" time="0.0575" asserts="0" success="True" result="Success" executed="True" />
                </results>
              </test-suite>
            </results>
          </test-suite>
        </results>
      </test-suite>
      <test-suite type="TestFixture" name="F:\repos\Engineering-Standards\tests\scripts\MarkdownLinks.Tests.ps1" executed="True" result="Success" success="True" time="1.3993" asserts="0" description="F:\repos\Engineering-Standards\tests\scripts\MarkdownLinks.Tests.ps1">
        <results>
          <test-suite type="TestFixture" name="Markdown link validation" executed="True" result="Success" success="True" time="1.2751" asserts="0" description="Markdown link validation">
            <results>
              <test-suite type="TestFixture" name="Markdown link validation.relative links" executed="True" result="Success" success="True" time="1.2681" asserts="0" description="Markdown link validation.relative links">
                <results>
                  <test-case description="passes for repository markdown" name="Markdown link validation.relative links.passes for repository markdown" time="1.2562" asserts="0" success="True" result="Success" executed="True" />
                </results>
              </test-suite>
            </results>
          </test-suite>
        </results>
      </test-suite>
    </results>
  </test-suite>
</test-results>